<?xml version="1.0" encoding="UTF-8"?>
<!-- Generated by org.testng.reporters.JUnitReportReporter -->
<testsuite hostname="DESKTOP-SUJS60A" name="com.runners.LoginRunner" tests="1" failures="0" timestamp="24 Jun 2018 20:08:23 GMT" time="166.313" errors="0">
  <testcase name="feature" time="166.313" classname="com.runners.LoginRunner"/>
</testsuite> <!-- com.runners.LoginRunner -->
